<?xml version="1.0" encoding="UTF-8"?>
<!-- Generated by org.testng.reporters.JUnitXMLReporter -->
<testsuite ignored="0" hostname="LT-GLAH" failures="0" tests="14" name="chrometest" time="68.681" errors="0" timestamp="2025-06-21T00:11:31 IST">
  <testcase classname="testCases.TC_About_01_VerifyPageLoad" name="verify_pageloaded" time="0.051"/>
  <testcase classname="testCases.TC_About_10_VerifyPageTitle" name="verify_pageTitle" time="0.015"/>
  <testcase classname="testCases.TC_About_15_VerifyHeaderLinks" name="testHeaderLinksStatus" time="1.277"/>
  <testcase classname="testCases.TC_About_16_VerifyFooterLinks" name="testFooterLinksStatus" time="1.152"/>
  <testcase classname="testCases.TC_About_19_VerifyLogoInHeader" name="verify_HeaderLogo" time="0.125"/>
  <testcase classname="testCases.TC_About_05_VerifyAboutUsSection" name="verify_AboutUsSectiondisplayed" time="0.047"/>
  <testcase classname="testCases.TC_About_06_VerifyWhoAreWeSection" name="verify_WhoAreWESectionheaderdisplayed" time="0.104"/>
  <testcase classname="testCases.TC_About_07_VerifyVisionWeHaveSection" name="verify_WhoAreWESectionheaderdisplayed" time="0.666"/>
  <testcase classname="testCases.TC_About_08_VerifyMissionWeAreOnSection" name="verify_MissionWeAreOnSectiondisplayed" time="0.184"/>
  <testcase classname="testCases.TC_About_09_VerifyWondRxvaluesSection" name="verify_VerifyWondRxvaluesSection_displayed" time="5.192"/>
  <testcase classname="testCases.TC_About_11_VerifyFooterCopyRighttext" name="verify_pageTitle" time="0.196"/>
  <testcase classname="testCases.TC_About_18_VerifyFooterLogoAndCenterText" name="verify_VerifyWondRxvaluesSection_displayed" time="0.386"/>
  <testcase classname="testCases.TC_About_17_VerifyFaIcons" name="verify_Verify_fa_icons_displayed" time="0.058"/>
  <testcase classname="testCases.TC_About_25_NavigationBackNext" name="verify_HeaderLogo" time="5.755"/>
</testsuite> <!-- chrometest -->
