<?xml version="1.0" encoding="UTF-8"?>
<!-- Generated by org.testng.reporters.JUnitXMLReporter -->
<testsuite ignored="0" hostname="LT-GLAH" failures="0" tests="14" name="Test" time="74.753" errors="0" timestamp="2025-06-21T15:52:47 IST">
  <testcase classname="testCases.TC_About_01_VerifyPageLoad" name="verify_pageloaded" time="0.084"/>
  <testcase classname="testCases.TC_About_10_VerifyPageTitle" name="verify_pageTitle" time="0.04"/>
  <testcase classname="testCases.TC_About_15_VerifyHeaderLinks" name="testHeaderLinksStatus" time="1.371"/>
  <testcase classname="testCases.TC_About_16_VerifyFooterLinks" name="testFooterLinksStatus" time="0.975"/>
  <testcase classname="testCases.TC_About_19_VerifyLogoInHeader" name="verify_HeaderLogo" time="0.068"/>
  <testcase classname="testCases.TC_About_05_VerifyAboutUsSection" name="verify_AboutUsSectiondisplayed" time="0.029"/>
  <testcase classname="testCases.TC_About_06_VerifyWhoAreWeSection" name="verify_WhoAreWESectionheaderdisplayed" time="0.127"/>
  <testcase classname="testCases.TC_About_07_VerifyVisionWeHaveSection" name="verify_WhoAreWESectionheaderdisplayed" time="0.511"/>
  <testcase classname="testCases.TC_About_08_VerifyMissionWeAreOnSection" name="verify_MissionWeAreOnSectiondisplayed" time="0.163"/>
  <testcase classname="testCases.TC_About_09_VerifyWondRxvaluesSection" name="verify_VerifyWondRxvaluesSection_displayed" time="5.21"/>
  <testcase classname="testCases.TC_About_11_VerifyFooterCopyRighttext" name="verify_pageTitle" time="0.298"/>
  <testcase classname="testCases.TC_About_18_VerifyFooterLogoAndCenterText" name="verify_VerifyWondRxvaluesSection_displayed" time="0.34"/>
  <testcase classname="testCases.TC_About_17_VerifyFaIcons" name="verify_Verify_fa_icons_displayed" time="0.053"/>
  <testcase classname="testCases.TC_About_25_NavigationBackNext" name="verify_HeaderLogo" time="6.593"/>
</testsuite> <!-- Test -->
