<?xml version="1.0" encoding="UTF-8"?>
<testng-results ignored="0" total="1" passed="1" failed="0" skipped="0">
  <reporter-output>
  </reporter-output>
  <suite started-at="2025-06-21T17:38:17 IST" name="Suite" finished-at="2025-06-21T17:38:23 IST" duration-ms="6309">
    <groups>
      <group name="sanity">
        <method signature="TC_About_14_VerifyImageAlt.verify_Image_Alt_Present()[pri:0, instance:testCases.TC_About_14_VerifyImageAlt@3d1848cc]" name="verify_Image_Alt_Present" class="testCases.TC_About_14_VerifyImageAlt"/>
      </group> <!-- sanity -->
    </groups>
    <test started-at="2025-06-21T17:38:17 IST" name="Test" finished-at="2025-06-21T17:38:23 IST" duration-ms="6309">
      <class name="testCases.TC_About_14_VerifyImageAlt">
        <test-method is-config="true" signature="setup(java.lang.String,java.lang.String)[pri:0, instance:testCases.TC_About_14_VerifyImageAlt@3d1848cc]" started-at="2025-06-21T17:38:17 IST" name="setup" finished-at="2025-06-21T17:38:23 IST" duration-ms="5759" status="PASS">
          <params>
            <param index="0">
              <value>
                <![CDATA[Windows]]>
              </value>
            </param>
            <param index="1">
              <value>
                <![CDATA[chrome]]>
              </value>
            </param>
          </params>
          <reporter-output>
          </reporter-output>
        </test-method> <!-- setup -->
        <test-method signature="verify_Image_Alt_Present()[pri:0, instance:testCases.TC_About_14_VerifyImageAlt@3d1848cc]" started-at="2025-06-21T17:38:23 IST" name="verify_Image_Alt_Present" finished-at="2025-06-21T17:38:23 IST" duration-ms="177" status="PASS">
          <reporter-output>
          </reporter-output>
        </test-method> <!-- verify_Image_Alt_Present -->
        <test-method is-config="true" signature="tearDown()[pri:0, instance:testCases.TC_About_14_VerifyImageAlt@3d1848cc]" started-at="2025-06-21T17:38:23 IST" name="tearDown" finished-at="2025-06-21T17:38:23 IST" duration-ms="224" status="PASS">
          <reporter-output>
          </reporter-output>
        </test-method> <!-- tearDown -->
      </class> <!-- testCases.TC_About_14_VerifyImageAlt -->
    </test> <!-- Test -->
  </suite> <!-- Suite -->
</testng-results>
